<?xml version="1.0" encoding="UTF-8"?>
<!-- Generated by org.testng.reporters.JUnitReportReporter -->
<testsuite hostname="LAPTOP-91CI41D6" failures="0" tests="4" name="tests.LoginTest" time="35.071" errors="0" timestamp="04 Sep. 2021 00:21:06 GMT" skipped="0">
  <testcase classname="tests.LoginTest" name="loginWithWrongUsernameAndPassword" time="8.995"/>
  <testcase classname="tests.LoginTest" name="loginWithInvalidUsernameAndPassword" time="9.123"/>
  <testcase classname="tests.LoginTest" name="loginWithEmptyUsernameAndPassword" time="8.449"/>
  <testcase classname="tests.LoginTest" name="loginWithUsernameAndEmptyPassword" time="8.504"/>
</testsuite> <!-- tests.LoginTest -->
